<?xml version="1.0" encoding="UTF-8"?>
<!-- Generated by org.testng.reporters.JUnitReportReporter -->
<testsuite skipped="0" hostname="ReyaLabPC" name="test.AddCustomerTest" tests="1" failures="0" timestamp="2021-09-19T10:01:52 PDT" time="19.782" errors="0">
  <testcase name="validUserShouldBeAbleToAddCustomer" time="19.782" classname="test.AddCustomerTest"/>
  <system-out/>
</testsuite> <!-- test.AddCustomerTest -->
