<?xml version="1.0" encoding="UTF-8"?>
<!-- Generated by org.testng.reporters.JUnitReportReporter -->
<testsuite skipped="0" hostname="ReyaLabPC" name="test.LoginTest" tests="1" failures="0" timestamp="2021-09-18T10:43:29 PDT" time="18.550" errors="0">
  <testcase name="validUserShouldBeAbleToLogin" time="18.550" classname="test.LoginTest"/>
  <system-out/>
</testsuite> <!-- test.LoginTest -->
